c:\source\arx2023\src\arxx\release\vc143.pdb
c:\source\arx2023\src\arxx\release\font.obj
c:\source\arx2023\src\arxx\release\ferry.obj
c:\source\arx2023\src\arxx\release\encounter.obj
c:\source\arx2023\src\arxx\release\effects.obj
c:\source\arx2023\src\arxx\release\dwarvensmithy.obj
c:\source\arx2023\src\arxx\release\display.obj
c:\source\arx2023\src\arxx\release\dev.obj
c:\source\arx2023\src\arxx\release\damon.obj
c:\source\arx2023\src\arxx\release\createcharacter.obj
c:\source\arx2023\src\arxx\release\config.obj
c:\source\arx2023\src\arxx\release\chapel.obj
c:\source\arx2023\src\arxx\release\bank.obj
c:\source\arx2023\src\arxx\release\automap.obj
c:\source\arx2023\src\arxx\release\audio.obj
c:\source\arx2023\src\arxx\release\arx.obj
c:\source\arx2023\src\arxx\release\arena.obj
c:\source\arx2023\src\arxx\release\actor.obj
c:\source\arx2023\src\arxx\release\3dviewnew.obj
c:\source\arx2023\src\arxx\release\3dview.obj
c:\source\arx2023\src\arxx\release\base64.obj
c:\source\arx2023\src\arxx\release\savegame.obj
c:\source\arx2023\src\arxx\release\retreat.obj
c:\source\arx2023\src\arxx\release\rathskeller.obj
c:\source\arx2023\src\arxx\release\prison.obj
c:\source\arx2023\src\arxx\release\player.obj
c:\source\arx2023\src\arxx\release\oracle.obj
c:\source\arx2023\src\arxx\release\module.obj
c:\source\arx2023\src\arxx\release\misc.obj
c:\source\arx2023\src\arxx\release\lyrics.obj
c:\source\arx2023\src\arxx\release\lift.obj
c:\source\arx2023\src\arxx\release\level.obj
c:\source\arx2023\src\arxx\release\itemselect.obj
c:\source\arx2023\src\arxx\release\items.obj
c:\source\arx2023\src\arxx\release\input.obj
c:\source\arx2023\src\arxx\release\inn.obj
c:\source\arx2023\src\arxx\release\healer.obj
c:\source\arx2023\src\arxx\release\guild.obj
c:\source\arx2023\src\arxx\release\goblins.obj
c:\source\arx2023\src\arxx\release\game.obj
c:\source\arx2023\src\arxx\release\fountain.obj
c:\source\arx2023\src\arxx\release\vaults.obj
c:\source\arx2023\src\arxx\release\undeadking.obj
c:\source\arx2023\src\arxx\release\trolls.obj
c:\source\arx2023\src\arxx\release\tavern.obj
c:\source\arx2023\src\arxx\release\staircase.obj
c:\source\arx2023\src\arxx\release\spells.obj
c:\source\arx2023\src\arxx\release\source.obj
c:\source\arx2023\src\arxx\release\smithy.obj
c:\source\arx2023\src\arxx\release\shop.obj
c:\source\arx2023\src\arxx\release\screen.obj
c:\source\arx2023\src\release\arxx.exe
c:\source\arx2023\src\release\arxx.pdb
c:\source\arx2023\src\arxx\release\arx_private.res
c:\source\arx2023\src\arxx\release\arxx.ilk
c:\source\arx2023\src\arxx\release\arxx.tlog\cl.command.1.tlog
c:\source\arx2023\src\arxx\release\arxx.tlog\cl.items.tlog
c:\source\arx2023\src\arxx\release\arxx.tlog\cl.read.1.tlog
c:\source\arx2023\src\arxx\release\arxx.tlog\cl.write.1.tlog
c:\source\arx2023\src\arxx\release\arxx.tlog\link.command.1.tlog
c:\source\arx2023\src\arxx\release\arxx.tlog\link.read.1.tlog
c:\source\arx2023\src\arxx\release\arxx.tlog\link.secondary.1.tlog
c:\source\arx2023\src\arxx\release\arxx.tlog\link.write.1.tlog
c:\source\arx2023\src\arxx\release\arxx.tlog\rc.command.1.tlog
c:\source\arx2023\src\arxx\release\arxx.tlog\rc.read.1.tlog
c:\source\arx2023\src\arxx\release\arxx.tlog\rc.write.1.tlog
