c:\source\arx2023\src\arxx\debug\vc143.pdb
c:\source\arx2023\src\arxx\debug\vc143.idb
c:\source\arx2023\src\arxx\debug\font.obj
c:\source\arx2023\src\arxx\debug\ferry.obj
c:\source\arx2023\src\arxx\debug\encounter.obj
c:\source\arx2023\src\arxx\debug\effects.obj
c:\source\arx2023\src\arxx\debug\dwarvensmithy.obj
c:\source\arx2023\src\arxx\debug\display.obj
c:\source\arx2023\src\arxx\debug\dev.obj
c:\source\arx2023\src\arxx\debug\damon.obj
c:\source\arx2023\src\arxx\debug\createcharacter.obj
c:\source\arx2023\src\arxx\debug\config.obj
c:\source\arx2023\src\arxx\debug\chapel.obj
c:\source\arx2023\src\arxx\debug\bank.obj
c:\source\arx2023\src\arxx\debug\automap.obj
c:\source\arx2023\src\arxx\debug\audio.obj
c:\source\arx2023\src\arxx\debug\arx.obj
c:\source\arx2023\src\arxx\debug\arena.obj
c:\source\arx2023\src\arxx\debug\actor.obj
c:\source\arx2023\src\arxx\debug\3dviewnew.obj
c:\source\arx2023\src\arxx\debug\3dview.obj
c:\source\arx2023\src\arxx\debug\base64.obj
c:\source\arx2023\src\arxx\debug\savegame.obj
c:\source\arx2023\src\arxx\debug\retreat.obj
c:\source\arx2023\src\arxx\debug\rathskeller.obj
c:\source\arx2023\src\arxx\debug\prison.obj
c:\source\arx2023\src\arxx\debug\player.obj
c:\source\arx2023\src\arxx\debug\oracle.obj
c:\source\arx2023\src\arxx\debug\module.obj
c:\source\arx2023\src\arxx\debug\misc.obj
c:\source\arx2023\src\arxx\debug\lyrics.obj
c:\source\arx2023\src\arxx\debug\lift.obj
c:\source\arx2023\src\arxx\debug\level.obj
c:\source\arx2023\src\arxx\debug\itemselect.obj
c:\source\arx2023\src\arxx\debug\items.obj
c:\source\arx2023\src\arxx\debug\input.obj
c:\source\arx2023\src\arxx\debug\inn.obj
c:\source\arx2023\src\arxx\debug\healer.obj
c:\source\arx2023\src\arxx\debug\guild.obj
c:\source\arx2023\src\arxx\debug\goblins.obj
c:\source\arx2023\src\arxx\debug\game.obj
c:\source\arx2023\src\arxx\debug\fountain.obj
c:\source\arx2023\src\arxx\debug\vaults.obj
c:\source\arx2023\src\arxx\debug\undeadking.obj
c:\source\arx2023\src\arxx\debug\trolls.obj
c:\source\arx2023\src\arxx\debug\tavern.obj
c:\source\arx2023\src\arxx\debug\staircase.obj
c:\source\arx2023\src\arxx\debug\spells.obj
c:\source\arx2023\src\arxx\debug\source.obj
c:\source\arx2023\src\arxx\debug\smithy.obj
c:\source\arx2023\src\arxx\debug\shop.obj
c:\source\arx2023\src\arxx\debug\screen.obj
c:\source\arx2023\src\debug\arxx.exe
c:\source\arx2023\src\debug\arxx.pdb
c:\source\arx2023\src\arxx\debug\arx_private.res
c:\source\arx2023\src\arxx\debug\arxx.ilk
c:\source\arx2023\src\arxx\debug\prison.obj.enc
c:\source\arx2023\src\arxx\debug\arxx.tlog\cl.command.1.tlog
c:\source\arx2023\src\arxx\debug\arxx.tlog\cl.items.tlog
c:\source\arx2023\src\arxx\debug\arxx.tlog\cl.read.1.tlog
c:\source\arx2023\src\arxx\debug\arxx.tlog\cl.write.1.tlog
c:\source\arx2023\src\arxx\debug\arxx.tlog\link.command.1.tlog
c:\source\arx2023\src\arxx\debug\arxx.tlog\link.read.1.tlog
c:\source\arx2023\src\arxx\debug\arxx.tlog\link.secondary.1.tlog
c:\source\arx2023\src\arxx\debug\arxx.tlog\link.write.1.tlog
c:\source\arx2023\src\arxx\debug\arxx.tlog\rc.command.1.tlog
c:\source\arx2023\src\arxx\debug\arxx.tlog\rc.read.1.tlog
c:\source\arx2023\src\arxx\debug\arxx.tlog\rc.write.1.tlog
